[2022-06-10 21:21:07] [DEBUG] [ConfiguracionJDBC:16] Instanciando ConfiguracionJDBC con valores por defecto. Driver: H2
[2022-06-10 21:21:07] [DEBUG] [ConfiguracionJDBC:16] Instanciando ConfiguracionJDBC con valores por defecto. Driver: H2
[2022-06-10 21:21:07] [DEBUG] [OdontologoDaoH2:90] Iniciando metodo 'buscarTodos()'
[2022-06-10 21:21:07] [DEBUG] [ConfiguracionJDBC:32] Obteniendo conexion con la base de datos
[2022-06-10 21:21:08] [ERROR] [ConfiguracionJDBC:37] Archivo corrupto mientras se leía el registro: null. Solución Posible: use la herramienta de recuperación (recovery tool)
File corrupted while reading record: null. Possible solution: use the recovery tool [90030-200]
[2022-06-10 21:21:08] [DEBUG] [ConfiguracionJDBC:16] Instanciando ConfiguracionJDBC con valores por defecto. Driver: H2
[2022-06-10 21:21:08] [DEBUG] [ConfiguracionJDBC:16] Instanciando ConfiguracionJDBC con valores por defecto. Driver: H2
[2022-06-10 21:21:08] [DEBUG] [OdontologoDaoH2:32] Iniciando metodo 'guardar()'
[2022-06-10 21:21:08] [DEBUG] [ConfiguracionJDBC:32] Obteniendo conexion con la base de datos
[2022-06-10 21:21:08] [ERROR] [ConfiguracionJDBC:37] Archivo corrupto mientras se leía el registro: null. Solución Posible: use la herramienta de recuperación (recovery tool)
File corrupted while reading record: null. Possible solution: use the recovery tool [90030-200]
[2022-06-10 21:21:08] [ERROR] [OdontologoService:50] 
[2022-06-10 21:54:30] [DEBUG] [ConfiguracionJDBC:16] Instanciando ConfiguracionJDBC con valores por defecto. Driver: H2
[2022-06-10 21:54:30] [DEBUG] [ConfiguracionJDBC:16] Instanciando ConfiguracionJDBC con valores por defecto. Driver: H2
[2022-06-10 21:54:30] [DEBUG] [OdontologoDaoH2:90] Iniciando metodo 'buscarTodos()'
[2022-06-10 21:54:30] [DEBUG] [ConfiguracionJDBC:32] Obteniendo conexion con la base de datos
[2022-06-10 21:54:30] [ERROR] [ConfiguracionJDBC:37] Archivo corrupto mientras se leía el registro: null. Solución Posible: use la herramienta de recuperación (recovery tool)
File corrupted while reading record: null. Possible solution: use the recovery tool [90030-200]
[2022-06-10 21:54:30] [DEBUG] [ConfiguracionJDBC:16] Instanciando ConfiguracionJDBC con valores por defecto. Driver: H2
[2022-06-10 21:54:30] [DEBUG] [ConfiguracionJDBC:16] Instanciando ConfiguracionJDBC con valores por defecto. Driver: H2
[2022-06-10 21:54:30] [DEBUG] [OdontologoDaoH2:32] Iniciando metodo 'guardar()'
[2022-06-10 21:54:30] [DEBUG] [ConfiguracionJDBC:32] Obteniendo conexion con la base de datos
[2022-06-10 21:54:30] [ERROR] [ConfiguracionJDBC:37] Archivo corrupto mientras se leía el registro: null. Solución Posible: use la herramienta de recuperación (recovery tool)
File corrupted while reading record: null. Possible solution: use the recovery tool [90030-200]
[2022-06-10 21:54:30] [ERROR] [OdontologoService:50] 
[2022-06-10 21:55:55] [DEBUG] [ConfiguracionJDBC:16] Instanciando ConfiguracionJDBC con valores por defecto. Driver: H2
[2022-06-10 21:55:55] [DEBUG] [ConfiguracionJDBC:16] Instanciando ConfiguracionJDBC con valores por defecto. Driver: H2
[2022-06-10 21:55:55] [DEBUG] [OdontologoDaoH2:90] Iniciando metodo 'buscarTodos()'
[2022-06-10 21:55:55] [DEBUG] [ConfiguracionJDBC:32] Obteniendo conexion con la base de datos
[2022-06-10 21:55:56] [ERROR] [ConfiguracionJDBC:37] Archivo corrupto mientras se leía el registro: null. Solución Posible: use la herramienta de recuperación (recovery tool)
File corrupted while reading record: null. Possible solution: use the recovery tool [90030-200]
[2022-06-10 21:55:56] [DEBUG] [ConfiguracionJDBC:16] Instanciando ConfiguracionJDBC con valores por defecto. Driver: H2
[2022-06-10 21:55:56] [DEBUG] [ConfiguracionJDBC:16] Instanciando ConfiguracionJDBC con valores por defecto. Driver: H2
[2022-06-10 21:55:56] [DEBUG] [OdontologoDaoH2:32] Iniciando metodo 'guardar()'
[2022-06-10 21:55:56] [DEBUG] [ConfiguracionJDBC:32] Obteniendo conexion con la base de datos
[2022-06-10 21:55:56] [ERROR] [ConfiguracionJDBC:37] Archivo corrupto mientras se leía el registro: null. Solución Posible: use la herramienta de recuperación (recovery tool)
File corrupted while reading record: null. Possible solution: use the recovery tool [90030-200]
[2022-06-10 21:55:56] [ERROR] [OdontologoService:50] 
[2022-06-10 22:09:08] [DEBUG] [ConfiguracionJDBC:16] Instanciando ConfiguracionJDBC con valores por defecto. Driver: H2
[2022-06-10 22:09:08] [DEBUG] [ConfiguracionJDBC:16] Instanciando ConfiguracionJDBC con valores por defecto. Driver: H2
[2022-06-10 22:09:08] [DEBUG] [OdontologoDaoH2:90] Iniciando metodo 'buscarTodos()'
[2022-06-10 22:09:08] [DEBUG] [ConfiguracionJDBC:32] Obteniendo conexion con la base de datos
[2022-06-10 22:09:09] [ERROR] [ConfiguracionJDBC:37] Archivo corrupto mientras se leía el registro: null. Solución Posible: use la herramienta de recuperación (recovery tool)
File corrupted while reading record: null. Possible solution: use the recovery tool [90030-200]
[2022-06-10 22:09:09] [DEBUG] [ConfiguracionJDBC:16] Instanciando ConfiguracionJDBC con valores por defecto. Driver: H2
[2022-06-10 22:09:09] [DEBUG] [ConfiguracionJDBC:16] Instanciando ConfiguracionJDBC con valores por defecto. Driver: H2
[2022-06-10 22:09:09] [DEBUG] [OdontologoDaoH2:32] Iniciando metodo 'guardar()'
[2022-06-10 22:09:09] [DEBUG] [ConfiguracionJDBC:32] Obteniendo conexion con la base de datos
[2022-06-10 22:09:09] [ERROR] [ConfiguracionJDBC:37] Archivo corrupto mientras se leía el registro: null. Solución Posible: use la herramienta de recuperación (recovery tool)
File corrupted while reading record: null. Possible solution: use the recovery tool [90030-200]
[2022-06-10 22:09:09] [ERROR] [OdontologoService:50] 
[2022-06-10 22:16:02] [DEBUG] [ConfiguracionJDBC:16] Instanciando ConfiguracionJDBC con valores por defecto. Driver: H2
[2022-06-10 22:16:02] [DEBUG] [ConfiguracionJDBC:16] Instanciando ConfiguracionJDBC con valores por defecto. Driver: H2
[2022-06-10 22:16:02] [DEBUG] [OdontologoDaoH2:90] Iniciando metodo 'buscarTodos()'
[2022-06-10 22:16:02] [DEBUG] [ConfiguracionJDBC:32] Obteniendo conexion con la base de datos
[2022-06-10 22:16:02] [ERROR] [ConfiguracionJDBC:37] Archivo corrupto mientras se leía el registro: null. Solución Posible: use la herramienta de recuperación (recovery tool)
File corrupted while reading record: null. Possible solution: use the recovery tool [90030-200]
[2022-06-10 22:16:02] [DEBUG] [ConfiguracionJDBC:16] Instanciando ConfiguracionJDBC con valores por defecto. Driver: H2
[2022-06-10 22:16:02] [DEBUG] [ConfiguracionJDBC:16] Instanciando ConfiguracionJDBC con valores por defecto. Driver: H2
[2022-06-10 22:16:02] [DEBUG] [OdontologoDaoH2:32] Iniciando metodo 'guardar()'
[2022-06-10 22:16:02] [DEBUG] [ConfiguracionJDBC:32] Obteniendo conexion con la base de datos
[2022-06-10 22:16:02] [ERROR] [ConfiguracionJDBC:37] Archivo corrupto mientras se leía el registro: null. Solución Posible: use la herramienta de recuperación (recovery tool)
File corrupted while reading record: null. Possible solution: use the recovery tool [90030-200]
[2022-06-10 22:16:02] [ERROR] [OdontologoService:50] 
