[2022-07-0215:41:26] [ ERROR] [GlobalExceptionHandler:16] Request method 'GET' not supported
[2022-07-0215:43:13] [ ERROR] [GlobalExceptionHandler:16] Request method 'GET' not supported
[2022-07-0215:45:59] [ ERROR] [GlobalExceptionHandler:16] Request method 'GET' not supported
[2022-07-0215:53:05] [ ERROR] [GlobalExceptionHandler:16] JSON parse error: Unexpected character ('"' (code 34)): was expecting comma to separate Object entries; nested exception is com.fasterxml.jackson.core.JsonParseException: Unexpected character ('"' (code 34)): was expecting comma to separate Object entries
 at [Source: (org.springframework.util.StreamUtils$NonClosingInputStream); line: 3, column: 6]
[2022-07-0811:49:46] [ ERROR] [GlobalExceptionHandler:16] Request method 'GET' not supported
[2022-07-0811:50:06] [ ERROR] [GlobalExceptionHandler:16] Request method 'GET' not supported
[2022-07-0811:51:09] [ ERROR] [GlobalExceptionHandler:16] Request method 'GET' not supported
[2022-07-0811:51:20] [ ERROR] [GlobalExceptionHandler:16] Request method 'GET' not supported
[2022-07-0811:51:55] [ ERROR] [GlobalExceptionHandler:16] Request method 'GET' not supported
[2022-07-0811:52:03] [ ERROR] [GlobalExceptionHandler:16] Request method 'GET' not supported
[2022-07-0811:52:15] [ ERROR] [GlobalExceptionHandler:16] Required request body is missing: public org.springframework.http.ResponseEntity<?> com.clinicaOdontologica.clinicaOdontologica.controller.OdontologoController.agregarOdontologo(com.clinicaOdontologica.clinicaOdontologica.model.OdontologoDTO)
[2022-07-0812:02:26] [ ERROR] [GlobalExceptionHandler:16] Request method 'GET' not supported
[2022-07-0812:03:23] [ ERROR] [GlobalExceptionHandler:16] Request method 'GET' not supported
[2022-07-0812:04:08] [ ERROR] [GlobalExceptionHandler:16] Request method 'GET' not supported
[2022-07-0812:25:23] [ ERROR] [GlobalExceptionHandler:16] Request method 'GET' not supported
[2022-07-0812:25:31] [ ERROR] [GlobalExceptionHandler:16] Request method 'GET' not supported
[2022-07-0812:26:10] [ ERROR] [GlobalExceptionHandler:16] Request method 'GET' not supported
[2022-07-0812:31:35] [ ERROR] [GlobalExceptionHandler:16] Request method 'GET' not supported
[2022-07-0812:31:39] [ ERROR] [GlobalExceptionHandler:16] Required request body is missing: public org.springframework.http.ResponseEntity<?> com.clinicaOdontologica.clinicaOdontologica.controller.PacienteController.actualizarPaciente(com.clinicaOdontologica.clinicaOdontologica.model.PacienteDTO)
[2022-07-0812:45:58] [ ERROR] [GlobalExceptionHandler:16] Request method 'GET' not supported
[2022-07-0812:46:01] [ ERROR] [GlobalExceptionHandler:16] Request method 'GET' not supported
[2022-07-0812:46:06] [ ERROR] [GlobalExceptionHandler:16] Request method 'GET' not supported
[2022-07-0812:46:07] [ ERROR] [GlobalExceptionHandler:16] Request method 'GET' not supported
[2022-07-0812:46:09] [ ERROR] [GlobalExceptionHandler:16] Request method 'GET' not supported
[2022-07-0812:46:11] [ ERROR] [GlobalExceptionHandler:16] Request method 'GET' not supported
[2022-07-0815:48:20] [ ERROR] [GlobalExceptionHandler:16] Required request body is missing: public org.springframework.http.ResponseEntity<?> com.clinicaOdontologica.clinicaOdontologica.controller.PacienteController.actualizarPaciente(com.clinicaOdontologica.clinicaOdontologica.model.PacienteDTO)
[2022-07-0818:23:32] [ ERROR] [GlobalExceptionHandler:16] Required request body is missing: public org.springframework.http.ResponseEntity<?> com.clinicaOdontologica.clinicaOdontologica.controller.PacienteController.actualizarPaciente(com.clinicaOdontologica.clinicaOdontologica.model.PacienteDTO)
[2022-07-0818:23:37] [ ERROR] [GlobalExceptionHandler:16] Request method 'GET' not supported
[2022-07-0818:27:48] [ ERROR] [GlobalExceptionHandler:16] Request method 'GET' not supported
[2022-07-0819:18:21] [ ERROR] [GlobalExceptionHandler:16] JSON parse error: Unexpected character ('i' (code 105)): was expecting double-quote to start field name; nested exception is com.fasterxml.jackson.core.JsonParseException: Unexpected character ('i' (code 105)): was expecting double-quote to start field name
 at [Source: (org.springframework.util.StreamUtils$NonClosingInputStream); line: 1, column: 3]
[2022-07-0819:18:47] [ ERROR] [GlobalExceptionHandler:16] not-null property references a null or transient value : com.clinicaOdontologica.clinicaOdontologica.model.Turno.odontologo; nested exception is org.hibernate.PropertyValueException: not-null property references a null or transient value : com.clinicaOdontologica.clinicaOdontologica.model.Turno.odontologo
[2022-07-0819:19:00] [ ERROR] [GlobalExceptionHandler:16] Request method 'POST' not supported
[2022-07-0819:59:53] [ ERROR] [GlobalExceptionHandler:16] Request method 'POST' not supported
[2022-07-0820:12:08] [ ERROR] [GlobalExceptionHandler:16] Request method 'POST' not supported
[2022-07-0820:14:49] [ ERROR] [GlobalExceptionHandler:16] not-null property references a null or transient value : com.clinicaOdontologica.clinicaOdontologica.model.Turno.odontologo; nested exception is org.hibernate.PropertyValueException: not-null property references a null or transient value : com.clinicaOdontologica.clinicaOdontologica.model.Turno.odontologo
[2022-07-0820:15:36] [ ERROR] [GlobalExceptionHandler:16] Request method 'POST' not supported
[2022-07-0820:15:38] [ ERROR] [GlobalExceptionHandler:16] Request method 'POST' not supported
[2022-07-0820:15:44] [ ERROR] [GlobalExceptionHandler:16] JSON parse error: Cannot deserialize value of type `java.time.LocalDateTime` from String "10/07/2022 23:08": Failed to deserialize java.time.LocalDateTime: (java.time.format.DateTimeParseException) Text '10/07/2022 23:08' could not be parsed at index 0; nested exception is com.fasterxml.jackson.databind.exc.InvalidFormatException: Cannot deserialize value of type `java.time.LocalDateTime` from String "10/07/2022 23:08": Failed to deserialize java.time.LocalDateTime: (java.time.format.DateTimeParseException) Text '10/07/2022 23:08' could not be parsed at index 0
 at [Source: (org.springframework.util.StreamUtils$NonClosingInputStream); line: 2, column: 13] (through reference chain: com.clinicaOdontologica.clinicaOdontologica.model.TurnoDTO["turno"])
[2022-07-0820:22:50] [ ERROR] [GlobalExceptionHandler:16] not-null property references a null or transient value : com.clinicaOdontologica.clinicaOdontologica.model.Turno.odontologo; nested exception is org.hibernate.PropertyValueException: not-null property references a null or transient value : com.clinicaOdontologica.clinicaOdontologica.model.Turno.odontologo
[2022-07-0820:23:50] [ ERROR] [GlobalExceptionHandler:16] not-null property references a null or transient value : com.clinicaOdontologica.clinicaOdontologica.model.Turno.odontologo; nested exception is org.hibernate.PropertyValueException: not-null property references a null or transient value : com.clinicaOdontologica.clinicaOdontologica.model.Turno.odontologo
[2022-07-0820:27:18] [ ERROR] [GlobalExceptionHandler:16] not-null property references a null or transient value : com.clinicaOdontologica.clinicaOdontologica.model.Turno.odontologo; nested exception is org.hibernate.PropertyValueException: not-null property references a null or transient value : com.clinicaOdontologica.clinicaOdontologica.model.Turno.odontologo
[2022-07-0820:28:02] [ ERROR] [GlobalExceptionHandler:16] not-null property references a null or transient value : com.clinicaOdontologica.clinicaOdontologica.model.Turno.odontologo; nested exception is org.hibernate.PropertyValueException: not-null property references a null or transient value : com.clinicaOdontologica.clinicaOdontologica.model.Turno.odontologo
[2022-07-0820:29:17] [ ERROR] [GlobalExceptionHandler:16] not-null property references a null or transient value : com.clinicaOdontologica.clinicaOdontologica.model.Turno.odontologo; nested exception is org.hibernate.PropertyValueException: not-null property references a null or transient value : com.clinicaOdontologica.clinicaOdontologica.model.Turno.odontologo
[2022-07-0820:32:58] [ ERROR] [GlobalExceptionHandler:16] not-null property references a null or transient value : com.clinicaOdontologica.clinicaOdontologica.model.Turno.odontologo; nested exception is org.hibernate.PropertyValueException: not-null property references a null or transient value : com.clinicaOdontologica.clinicaOdontologica.model.Turno.odontologo
[2022-07-0820:33:07] [ ERROR] [GlobalExceptionHandler:16] El turno no existe
[2022-07-0820:34:24] [ ERROR] [GlobalExceptionHandler:16] not-null property references a null or transient value : com.clinicaOdontologica.clinicaOdontologica.model.Turno.odontologo; nested exception is org.hibernate.PropertyValueException: not-null property references a null or transient value : com.clinicaOdontologica.clinicaOdontologica.model.Turno.odontologo
[2022-07-0820:34:39] [ ERROR] [GlobalExceptionHandler:16] not-null property references a null or transient value : com.clinicaOdontologica.clinicaOdontologica.model.Turno.odontologo; nested exception is org.hibernate.PropertyValueException: not-null property references a null or transient value : com.clinicaOdontologica.clinicaOdontologica.model.Turno.odontologo
[2022-07-0820:46:59] [ ERROR] [GlobalExceptionHandler:16] could not execute statement; SQL [n/a]; constraint [null]; nested exception is org.hibernate.exception.ConstraintViolationException: could not execute statement
[2022-07-0911:50:59] [ ERROR] [GlobalExceptionHandler:16] 
[2022-07-0911:51:11] [ ERROR] [GlobalExceptionHandler:16] Request method 'GET' not supported
[2022-07-0911:51:41] [ ERROR] [GlobalExceptionHandler:16] 
[2022-07-0911:52:03] [ ERROR] [GlobalExceptionHandler:16] 
[2022-07-0911:52:25] [ ERROR] [GlobalExceptionHandler:16] Request method 'GET' not supported
[2022-07-0911:52:38] [ ERROR] [GlobalExceptionHandler:16] 
[2022-07-0911:53:29] [ ERROR] [GlobalExceptionHandler:16] JSON parse error: Unexpected character ('"' (code 34)): was expecting comma to separate Object entries; nested exception is com.fasterxml.jackson.core.JsonParseException: Unexpected character ('"' (code 34)): was expecting comma to separate Object entries
 at [Source: (org.springframework.util.StreamUtils$NonClosingInputStream); line: 4, column: 6]
[2022-07-0911:53:38] [ ERROR] [GlobalExceptionHandler:16] JSON parse error: Cannot construct instance of `com.clinicaOdontologica.clinicaOdontologica.model.Odontologo` (although at least one Creator exists): no int/Int-argument constructor/factory method to deserialize from Number value (1); nested exception is com.fasterxml.jackson.databind.exc.MismatchedInputException: Cannot construct instance of `com.clinicaOdontologica.clinicaOdontologica.model.Odontologo` (although at least one Creator exists): no int/Int-argument constructor/factory method to deserialize from Number value (1)
 at [Source: (org.springframework.util.StreamUtils$NonClosingInputStream); line: 4, column: 18] (through reference chain: com.clinicaOdontologica.clinicaOdontologica.model.TurnoDTO["odontologo"])
[2022-07-0911:54:13] [ ERROR] [GlobalExceptionHandler:16] JSON parse error: Cannot construct instance of `com.clinicaOdontologica.clinicaOdontologica.model.Odontologo` (although at least one Creator exists): no String-argument constructor/factory method to deserialize from String value ('1'); nested exception is com.fasterxml.jackson.databind.exc.MismatchedInputException: Cannot construct instance of `com.clinicaOdontologica.clinicaOdontologica.model.Odontologo` (although at least one Creator exists): no String-argument constructor/factory method to deserialize from String value ('1')
 at [Source: (org.springframework.util.StreamUtils$NonClosingInputStream); line: 4, column: 18] (through reference chain: com.clinicaOdontologica.clinicaOdontologica.model.TurnoDTO["odontologo"])
[2022-07-0911:54:50] [ ERROR] [GlobalExceptionHandler:16] JSON parse error: Unexpected character (',' (code 44)): expected a value; nested exception is com.fasterxml.jackson.core.JsonParseException: Unexpected character (',' (code 44)): expected a value
 at [Source: (org.springframework.util.StreamUtils$NonClosingInputStream); line: 2, column: 13]
[2022-07-0911:55:01] [ ERROR] [GlobalExceptionHandler:16] JSON parse error: Cannot construct instance of `com.clinicaOdontologica.clinicaOdontologica.model.Odontologo` (although at least one Creator exists): no int/Int-argument constructor/factory method to deserialize from Number value (2); nested exception is com.fasterxml.jackson.databind.exc.MismatchedInputException: Cannot construct instance of `com.clinicaOdontologica.clinicaOdontologica.model.Odontologo` (although at least one Creator exists): no int/Int-argument constructor/factory method to deserialize from Number value (2)
 at [Source: (org.springframework.util.StreamUtils$NonClosingInputStream); line: 4, column: 18] (through reference chain: com.clinicaOdontologica.clinicaOdontologica.model.TurnoDTO["odontologo"])
[2022-07-0911:56:53] [ ERROR] [GlobalExceptionHandler:16] 
[2022-07-0911:57:15] [ ERROR] [GlobalExceptionHandler:16] JSON parse error: Cannot construct instance of `com.clinicaOdontologica.clinicaOdontologica.model.Odontologo` (although at least one Creator exists): no int/Int-argument constructor/factory method to deserialize from Number value (2); nested exception is com.fasterxml.jackson.databind.exc.MismatchedInputException: Cannot construct instance of `com.clinicaOdontologica.clinicaOdontologica.model.Odontologo` (although at least one Creator exists): no int/Int-argument constructor/factory method to deserialize from Number value (2)
 at [Source: (org.springframework.util.StreamUtils$NonClosingInputStream); line: 4, column: 18] (through reference chain: com.clinicaOdontologica.clinicaOdontologica.model.TurnoDTO["odontologo"])
[2022-07-0911:57:51] [ ERROR] [GlobalExceptionHandler:16] JSON parse error: Cannot construct instance of `com.clinicaOdontologica.clinicaOdontologica.model.Odontologo` (although at least one Creator exists): no int/Int-argument constructor/factory method to deserialize from Number value (17); nested exception is com.fasterxml.jackson.databind.exc.MismatchedInputException: Cannot construct instance of `com.clinicaOdontologica.clinicaOdontologica.model.Odontologo` (although at least one Creator exists): no int/Int-argument constructor/factory method to deserialize from Number value (17)
 at [Source: (org.springframework.util.StreamUtils$NonClosingInputStream); line: 4, column: 18] (through reference chain: com.clinicaOdontologica.clinicaOdontologica.model.TurnoDTO["odontologo"])
[2022-07-0912:12:22] [ ERROR] [GlobalExceptionHandler:16] 
[2022-07-0912:12:36] [ ERROR] [GlobalExceptionHandler:16] 
[2022-07-0912:13:26] [ ERROR] [GlobalExceptionHandler:16] 
[2022-07-0912:13:33] [ ERROR] [GlobalExceptionHandler:16] 
[2022-07-0912:13:40] [ ERROR] [GlobalExceptionHandler:16] 
[2022-07-0912:13:45] [ ERROR] [GlobalExceptionHandler:16] Request method 'GET' not supported
[2022-07-0912:36:10] [ ERROR] [GlobalExceptionHandler:16] 
[2022-07-0912:52:55] [ ERROR] [GlobalExceptionHandler:16] Request method 'POST' not supported
[2022-07-0912:53:11] [ ERROR] [GlobalExceptionHandler:16] 
[2022-07-0912:53:27] [ ERROR] [GlobalExceptionHandler:16] Required request body is missing: public org.springframework.http.ResponseEntity<?> com.clinicaOdontologica.clinicaOdontologica.controller.TurnoController.actualizarTurno(com.clinicaOdontologica.clinicaOdontologica.model.TurnoDTO)
[2022-07-0912:53:46] [ ERROR] [GlobalExceptionHandler:16] Required request body is missing: public org.springframework.http.ResponseEntity<?> com.clinicaOdontologica.clinicaOdontologica.controller.TurnoController.agregarTurno(com.clinicaOdontologica.clinicaOdontologica.model.TurnoDTO)
[2022-07-0912:54:18] [ ERROR] [GlobalExceptionHandler:16] 
[2022-07-0913:06:16] [ ERROR] [GlobalExceptionHandler:16] JSON parse error: Cannot construct instance of `com.clinicaOdontologica.clinicaOdontologica.model.Odontologo` (although at least one Creator exists): no String-argument constructor/factory method to deserialize from String value ('1'); nested exception is com.fasterxml.jackson.databind.exc.MismatchedInputException: Cannot construct instance of `com.clinicaOdontologica.clinicaOdontologica.model.Odontologo` (although at least one Creator exists): no String-argument constructor/factory method to deserialize from String value ('1')
 at [Source: (org.springframework.util.StreamUtils$NonClosingInputStream); line: 1, column: 29] (through reference chain: com.clinicaOdontologica.clinicaOdontologica.model.TurnoDTO["odontologo"])
[2022-07-0913:08:54] [ ERROR] [GlobalExceptionHandler:16] JSON parse error: Cannot construct instance of `com.clinicaOdontologica.clinicaOdontologica.model.Odontologo` (although at least one Creator exists): no String-argument constructor/factory method to deserialize from String value ('2'); nested exception is com.fasterxml.jackson.databind.exc.MismatchedInputException: Cannot construct instance of `com.clinicaOdontologica.clinicaOdontologica.model.Odontologo` (although at least one Creator exists): no String-argument constructor/factory method to deserialize from String value ('2')
 at [Source: (org.springframework.util.StreamUtils$NonClosingInputStream); line: 1, column: 31] (through reference chain: com.clinicaOdontologica.clinicaOdontologica.model.TurnoDTO["odontologo"])
[2022-07-0913:13:12] [ ERROR] [GlobalExceptionHandler:16] JSON parse error: Cannot construct instance of `com.clinicaOdontologica.clinicaOdontologica.model.Odontologo` (although at least one Creator exists): no String-argument constructor/factory method to deserialize from String value ('1'); nested exception is com.fasterxml.jackson.databind.exc.MismatchedInputException: Cannot construct instance of `com.clinicaOdontologica.clinicaOdontologica.model.Odontologo` (although at least one Creator exists): no String-argument constructor/factory method to deserialize from String value ('1')
 at [Source: (org.springframework.util.StreamUtils$NonClosingInputStream); line: 1, column: 29] (through reference chain: com.clinicaOdontologica.clinicaOdontologica.model.TurnoDTO["odontologo"])
[2022-07-0913:13:30] [ ERROR] [GlobalExceptionHandler:16] Required request body is missing: public org.springframework.http.ResponseEntity<?> com.clinicaOdontologica.clinicaOdontologica.controller.TurnoController.agregarTurno(com.clinicaOdontologica.clinicaOdontologica.model.TurnoDTO)
[2022-07-0913:14:14] [ ERROR] [GlobalExceptionHandler:16] 
[2022-07-0914:09:50] [ ERROR] [GlobalExceptionHandler:16] JSON parse error: Cannot construct instance of `com.clinicaOdontologica.clinicaOdontologica.model.Odontologo` (although at least one Creator exists): no String-argument constructor/factory method to deserialize from String value ('1'); nested exception is com.fasterxml.jackson.databind.exc.MismatchedInputException: Cannot construct instance of `com.clinicaOdontologica.clinicaOdontologica.model.Odontologo` (although at least one Creator exists): no String-argument constructor/factory method to deserialize from String value ('1')
 at [Source: (org.springframework.util.StreamUtils$NonClosingInputStream); line: 1, column: 29] (through reference chain: com.clinicaOdontologica.clinicaOdontologica.model.TurnoDTO["odontologo"])
[2022-07-0914:10:28] [ ERROR] [GlobalExceptionHandler:16] 
[2022-07-0914:10:34] [ ERROR] [GlobalExceptionHandler:16] Required request body is missing: public org.springframework.http.ResponseEntity<?> com.clinicaOdontologica.clinicaOdontologica.controller.TurnoController.agregarTurno(com.clinicaOdontologica.clinicaOdontologica.model.TurnoDTO)
[2022-07-0914:12:00] [ ERROR] [GlobalExceptionHandler:16] JSON parse error: Cannot construct instance of `com.clinicaOdontologica.clinicaOdontologica.model.Odontologo` (although at least one Creator exists): no String-argument constructor/factory method to deserialize from String value ('3'); nested exception is com.fasterxml.jackson.databind.exc.MismatchedInputException: Cannot construct instance of `com.clinicaOdontologica.clinicaOdontologica.model.Odontologo` (although at least one Creator exists): no String-argument constructor/factory method to deserialize from String value ('3')
 at [Source: (org.springframework.util.StreamUtils$NonClosingInputStream); line: 1, column: 29] (through reference chain: com.clinicaOdontologica.clinicaOdontologica.model.TurnoDTO["odontologo"])
[2022-07-0914:15:43] [ ERROR] [GlobalExceptionHandler:16] 
[2022-07-0914:16:30] [ ERROR] [GlobalExceptionHandler:16] JSON parse error: Cannot construct instance of `com.clinicaOdontologica.clinicaOdontologica.model.Odontologo` (although at least one Creator exists): no String-argument constructor/factory method to deserialize from String value ('1'); nested exception is com.fasterxml.jackson.databind.exc.MismatchedInputException: Cannot construct instance of `com.clinicaOdontologica.clinicaOdontologica.model.Odontologo` (although at least one Creator exists): no String-argument constructor/factory method to deserialize from String value ('1')
 at [Source: (org.springframework.util.StreamUtils$NonClosingInputStream); line: 1, column: 29] (through reference chain: com.clinicaOdontologica.clinicaOdontologica.model.TurnoDTO["odontologo"])
[2022-07-0914:21:01] [ ERROR] [GlobalExceptionHandler:16] 
[2022-07-0914:21:13] [ ERROR] [GlobalExceptionHandler:16] JSON parse error: Cannot construct instance of `com.clinicaOdontologica.clinicaOdontologica.model.Odontologo` (although at least one Creator exists): no String-argument constructor/factory method to deserialize from String value ('1'); nested exception is com.fasterxml.jackson.databind.exc.MismatchedInputException: Cannot construct instance of `com.clinicaOdontologica.clinicaOdontologica.model.Odontologo` (although at least one Creator exists): no String-argument constructor/factory method to deserialize from String value ('1')
 at [Source: (org.springframework.util.StreamUtils$NonClosingInputStream); line: 1, column: 29] (through reference chain: com.clinicaOdontologica.clinicaOdontologica.model.TurnoDTO["odontologo"])
[2022-07-0914:35:17] [ ERROR] [GlobalExceptionHandler:16] JSON parse error: Cannot construct instance of `java.util.LinkedHashMap` (although at least one Creator exists): no String-argument constructor/factory method to deserialize from String value ('ee'); nested exception is com.fasterxml.jackson.databind.exc.MismatchedInputException: Cannot construct instance of `java.util.LinkedHashMap` (although at least one Creator exists): no String-argument constructor/factory method to deserialize from String value ('ee')
 at [Source: (org.springframework.util.StreamUtils$NonClosingInputStream); line: 1, column: 29] (through reference chain: com.clinicaOdontologica.clinicaOdontologica.model.TurnoDTO["odontologo"])
[2022-07-0914:36:02] [ ERROR] [GlobalExceptionHandler:16] JSON parse error: Cannot construct instance of `java.util.LinkedHashMap` (although at least one Creator exists): no String-argument constructor/factory method to deserialize from String value ('1'); nested exception is com.fasterxml.jackson.databind.exc.MismatchedInputException: Cannot construct instance of `java.util.LinkedHashMap` (although at least one Creator exists): no String-argument constructor/factory method to deserialize from String value ('1')
 at [Source: (org.springframework.util.StreamUtils$NonClosingInputStream); line: 1, column: 29] (through reference chain: com.clinicaOdontologica.clinicaOdontologica.model.TurnoDTO["odontologo"])
[2022-07-0914:36:09] [ ERROR] [GlobalExceptionHandler:16] JSON parse error: Cannot construct instance of `java.util.LinkedHashMap` (although at least one Creator exists): no String-argument constructor/factory method to deserialize from String value ('2'); nested exception is com.fasterxml.jackson.databind.exc.MismatchedInputException: Cannot construct instance of `java.util.LinkedHashMap` (although at least one Creator exists): no String-argument constructor/factory method to deserialize from String value ('2')
 at [Source: (org.springframework.util.StreamUtils$NonClosingInputStream); line: 1, column: 29] (through reference chain: com.clinicaOdontologica.clinicaOdontologica.model.TurnoDTO["odontologo"])
[2022-07-0914:36:45] [ ERROR] [GlobalExceptionHandler:16] not-null property references a null or transient value : com.clinicaOdontologica.clinicaOdontologica.model.Turno.odontologo; nested exception is org.hibernate.PropertyValueException: not-null property references a null or transient value : com.clinicaOdontologica.clinicaOdontologica.model.Turno.odontologo
[2022-07-0914:37:26] [ ERROR] [GlobalExceptionHandler:16] not-null property references a null or transient value : com.clinicaOdontologica.clinicaOdontologica.model.Turno.odontologo; nested exception is org.hibernate.PropertyValueException: not-null property references a null or transient value : com.clinicaOdontologica.clinicaOdontologica.model.Turno.odontologo
[2022-07-0916:52:55] [ ERROR] [GlobalExceptionHandler:16] No serializer found for class org.hibernate.proxy.pojo.bytebuddy.ByteBuddyInterceptor and no properties discovered to create BeanSerializer (to avoid exception, disable SerializationFeature.FAIL_ON_EMPTY_BEANS) (through reference chain: com.clinicaOdontologica.clinicaOdontologica.model.Turno["paciente"]->com.clinicaOdontologica.clinicaOdontologica.model.Paciente$HibernateProxy$JAAIK3nB["hibernateLazyInitializer"])
[2022-07-0917:14:54] [ ERROR] [GlobalExceptionHandler:16] Request method 'POST' not supported
[2022-07-0917:16:50] [ ERROR] [GlobalExceptionHandler:16] Request method 'POST' not supported
[2022-07-0917:16:57] [ ERROR] [GlobalExceptionHandler:16] El turno no existe
[2022-07-0917:17:01] [ ERROR] [GlobalExceptionHandler:16] El turno no existe
[2022-07-0917:25:36] [ ERROR] [GlobalExceptionHandler:16] JSON parse error: Cannot construct instance of `com.clinicaOdontologica.clinicaOdontologica.model.Odontologo` (although at least one Creator exists): no String-argument constructor/factory method to deserialize from String value ('1'); nested exception is com.fasterxml.jackson.databind.exc.MismatchedInputException: Cannot construct instance of `com.clinicaOdontologica.clinicaOdontologica.model.Odontologo` (although at least one Creator exists): no String-argument constructor/factory method to deserialize from String value ('1')
 at [Source: (org.springframework.util.StreamUtils$NonClosingInputStream); line: 1, column: 29] (through reference chain: com.clinicaOdontologica.clinicaOdontologica.model.TurnoDTO["odontologo"])
[2022-07-0917:32:52] [ ERROR] [GlobalExceptionHandler:16] JSON parse error: Cannot construct instance of `com.clinicaOdontologica.clinicaOdontologica.model.Odontologo` (although at least one Creator exists): no String-argument constructor/factory method to deserialize from String value ('{"id":1}'); nested exception is com.fasterxml.jackson.databind.exc.MismatchedInputException: Cannot construct instance of `com.clinicaOdontologica.clinicaOdontologica.model.Odontologo` (although at least one Creator exists): no String-argument constructor/factory method to deserialize from String value ('{"id":1}')
 at [Source: (org.springframework.util.StreamUtils$NonClosingInputStream); line: 1, column: 37] (through reference chain: com.clinicaOdontologica.clinicaOdontologica.model.TurnoDTO["odontologo"])
[2022-07-0917:59:28] [ ERROR] [GlobalExceptionHandler:16] JSON parse error: Unexpected character ('}' (code 125)): expected a value; nested exception is com.fasterxml.jackson.core.JsonParseException: Unexpected character ('}' (code 125)): expected a value
 at [Source: (org.springframework.util.StreamUtils$NonClosingInputStream); line: 7, column: 2]
[2022-07-0918:00:18] [ ERROR] [GlobalExceptionHandler:16] JSON parse error: Cannot deserialize value of type `java.time.LocalDate` from String "09/07/2022": Failed to deserialize java.time.LocalDate: (java.time.format.DateTimeParseException) Text '09/07/2022' could not be parsed at index 0; nested exception is com.fasterxml.jackson.databind.exc.InvalidFormatException: Cannot deserialize value of type `java.time.LocalDate` from String "09/07/2022": Failed to deserialize java.time.LocalDate: (java.time.format.DateTimeParseException) Text '09/07/2022' could not be parsed at index 0
 at [Source: (org.springframework.util.StreamUtils$NonClosingInputStream); line: 6, column: 27] (through reference chain: com.clinicaOdontologica.clinicaOdontologica.model.PacienteDTO["fechaDeAlta"])
[2022-07-0918:06:59] [ ERROR] [GlobalExceptionHandler:16] JSON parse error: Unexpected character ('-' (code 45)): was expecting comma to separate Object entries; nested exception is com.fasterxml.jackson.core.JsonParseException: Unexpected character ('-' (code 45)): was expecting comma to separate Object entries
 at [Source: (org.springframework.util.StreamUtils$NonClosingInputStream); line: 6, column: 32]
[2022-07-0918:26:30] [ ERROR] [GlobalExceptionHandler:16] Required request body is missing: public org.springframework.http.ResponseEntity<?> com.clinicaOdontologica.clinicaOdontologica.controller.TurnoController.agregarTurno(com.clinicaOdontologica.clinicaOdontologica.model.TurnoDTO)
[2022-07-0918:28:22] [ ERROR] [GlobalExceptionHandler:16] Content type 'text/plain;charset=UTF-8' not supported
[2022-07-0918:31:16] [ ERROR] [GlobalExceptionHandler:16] JSON parse error: Cannot deserialize value of type `java.time.LocalDateTime` from String "2022-07-09 00:00:00": Failed to deserialize java.time.LocalDateTime: (java.time.format.DateTimeParseException) Text '2022-07-09 00:00:00' could not be parsed at index 10; nested exception is com.fasterxml.jackson.databind.exc.InvalidFormatException: Cannot deserialize value of type `java.time.LocalDateTime` from String "2022-07-09 00:00:00": Failed to deserialize java.time.LocalDateTime: (java.time.format.DateTimeParseException) Text '2022-07-09 00:00:00' could not be parsed at index 10
 at [Source: (org.springframework.util.StreamUtils$NonClosingInputStream); line: 2, column: 22] (through reference chain: com.clinicaOdontologica.clinicaOdontologica.model.TurnoDTO["turno"])
[2022-07-0918:31:27] [ ERROR] [GlobalExceptionHandler:16] JSON parse error: Cannot deserialize value of type `java.time.LocalDateTime` from String "2022-07-0900:00:00": Failed to deserialize java.time.LocalDateTime: (java.time.format.DateTimeParseException) Text '2022-07-0900:00:00' could not be parsed at index 10; nested exception is com.fasterxml.jackson.databind.exc.InvalidFormatException: Cannot deserialize value of type `java.time.LocalDateTime` from String "2022-07-0900:00:00": Failed to deserialize java.time.LocalDateTime: (java.time.format.DateTimeParseException) Text '2022-07-0900:00:00' could not be parsed at index 10
 at [Source: (org.springframework.util.StreamUtils$NonClosingInputStream); line: 2, column: 22] (through reference chain: com.clinicaOdontologica.clinicaOdontologica.model.TurnoDTO["turno"])
[2022-07-0918:31:34] [ ERROR] [GlobalExceptionHandler:16] JSON parse error: Cannot deserialize value of type `java.time.LocalDateTime` from String "2022-07-09 00-00-00": Failed to deserialize java.time.LocalDateTime: (java.time.format.DateTimeParseException) Text '2022-07-09 00-00-00' could not be parsed at index 10; nested exception is com.fasterxml.jackson.databind.exc.InvalidFormatException: Cannot deserialize value of type `java.time.LocalDateTime` from String "2022-07-09 00-00-00": Failed to deserialize java.time.LocalDateTime: (java.time.format.DateTimeParseException) Text '2022-07-09 00-00-00' could not be parsed at index 10
 at [Source: (org.springframework.util.StreamUtils$NonClosingInputStream); line: 2, column: 22] (through reference chain: com.clinicaOdontologica.clinicaOdontologica.model.TurnoDTO["turno"])
[2022-07-0918:32:23] [ ERROR] [GlobalExceptionHandler:16] JSON parse error: Cannot deserialize value of type `java.time.LocalDateTime` from String "2022-07-09 03:02:02": Failed to deserialize java.time.LocalDateTime: (java.time.format.DateTimeParseException) Text '2022-07-09 03:02:02' could not be parsed at index 10; nested exception is com.fasterxml.jackson.databind.exc.InvalidFormatException: Cannot deserialize value of type `java.time.LocalDateTime` from String "2022-07-09 03:02:02": Failed to deserialize java.time.LocalDateTime: (java.time.format.DateTimeParseException) Text '2022-07-09 03:02:02' could not be parsed at index 10
 at [Source: (org.springframework.util.StreamUtils$NonClosingInputStream); line: 2, column: 22] (through reference chain: com.clinicaOdontologica.clinicaOdontologica.model.TurnoDTO["turno"])
[2022-07-0918:33:38] [ ERROR] [GlobalExceptionHandler:16] JSON parse error: Cannot deserialize value of type `java.time.LocalDateTime` from String "2022-07-09": Failed to deserialize java.time.LocalDateTime: (java.time.format.DateTimeParseException) Text '2022-07-09' could not be parsed at index 10; nested exception is com.fasterxml.jackson.databind.exc.InvalidFormatException: Cannot deserialize value of type `java.time.LocalDateTime` from String "2022-07-09": Failed to deserialize java.time.LocalDateTime: (java.time.format.DateTimeParseException) Text '2022-07-09' could not be parsed at index 10
 at [Source: (org.springframework.util.StreamUtils$NonClosingInputStream); line: 2, column: 22] (through reference chain: com.clinicaOdontologica.clinicaOdontologica.model.TurnoDTO["turno"])
[2022-07-0918:36:00] [ ERROR] [GlobalExceptionHandler:16] JSON parse error: Cannot deserialize value of type `java.time.LocalDateTime` from String "2022-07-09": Failed to deserialize java.time.LocalDateTime: (java.time.format.DateTimeParseException) Text '2022-07-09' could not be parsed: Unable to obtain LocalDateTime from TemporalAccessor: {},ISO resolved to 2022-07-09 of type java.time.format.Parsed; nested exception is com.fasterxml.jackson.databind.exc.InvalidFormatException: Cannot deserialize value of type `java.time.LocalDateTime` from String "2022-07-09": Failed to deserialize java.time.LocalDateTime: (java.time.format.DateTimeParseException) Text '2022-07-09' could not be parsed: Unable to obtain LocalDateTime from TemporalAccessor: {},ISO resolved to 2022-07-09 of type java.time.format.Parsed
 at [Source: (org.springframework.util.StreamUtils$NonClosingInputStream); line: 2, column: 22] (through reference chain: com.clinicaOdontologica.clinicaOdontologica.model.TurnoDTO["turno"])
